 rank=1 has tasks
 halodir : [1]

--- TIMER SUMMARY ---
 Lap time: 0.13 sec  - rank=1 start halodir1
 Lap time: 35 mins 42.18 sec - final lap
Elapsed time: 35 mins 42.32 sec 
 rank=1 is done
 rank=2 has tasks
 halodir : [2]

--- TIMER SUMMARY ---
 Lap time: 0.13 sec  - rank=2 start halodir2
 Lap time: 35 mins 42.18 sec - final lap
Elapsed time: 35 mins 42.32 sec 
 rank=2 is done
 rank=4 has tasks
 halodir : [4]

--- TIMER SUMMARY ---
 Lap time: 0.13 sec  - rank=4 start halodir4
 Lap time: 35 mins 42.18 sec - final lap
Elapsed time: 35 mins 42.32 sec 
 rank=4 is done
 rank=8 has tasks
 halodir : [8]

--- TIMER SUMMARY ---
 Lap time: 0.13 sec  - rank=8 start halodir8
 Lap time: 35 mins 42.19 sec - final lap
Elapsed time: 35 mins 42.32 sec 
 rank=8 is done
 rank=13 has tasks
 halodir : [13]

--- TIMER SUMMARY ---
 Lap time: 0.13 sec  - rank=13 start halodir13
 Lap time: 35 mins 42.19 sec - final lap
Elapsed time: 35 mins 42.32 sec 
 rank=13 is done
 rank=14 has tasks
 halodir : [14]

--- TIMER SUMMARY ---
 Lap time: 0.13 sec  - rank=14 start halodir14
 Lap time: 35 mins 42.18 sec - final lap
Elapsed time: 35 mins 42.32 sec 
 rank=14 is done
 rank=3 has tasks
 halodir : [3]

--- TIMER SUMMARY ---
 Lap time: 0.13 sec  - rank=3 start halodir3
 Lap time: 35 mins 42.19 sec - final lap
Elapsed time: 35 mins 42.32 sec 
 rank=3 is done
 rank=5 has tasks
 halodir : [5]

--- TIMER SUMMARY ---
 Lap time: 0.13 sec  - rank=5 start halodir5
 Lap time: 35 mins 42.19 sec - final lap
Elapsed time: 35 mins 42.32 sec 
 rank=5 is done
 rank=6 has tasks
 halodir : [6]

--- TIMER SUMMARY ---
 Lap time: 0.13 sec  - rank=6 start halodir6
 Lap time: 35 mins 42.18 sec - final lap
Elapsed time: 35 mins 42.32 sec 
 rank=6 is done
 rank=9 has tasks
 halodir : [9]

--- TIMER SUMMARY ---
 Lap time: 0.13 sec  - rank=9 start halodir9
 Lap time: 35 mins 42.18 sec - final lap
Elapsed time: 35 mins 42.32 sec 
 rank=9 is done
 rank=10 has tasks
 halodir : [10]

--- TIMER SUMMARY ---
 Lap time: 0.13 sec  - rank=10 start halodir10
 Lap time: 35 mins 42.18 sec - final lap
Elapsed time: 35 mins 42.32 sec 
 rank=10 is done
 rank=11 has tasks
 halodir : [11]

--- TIMER SUMMARY ---
 Lap time: 0.13 sec  - rank=11 start halodir11
 Lap time: 35 mins 42.18 sec - final lap
Elapsed time: 35 mins 42.32 sec 
 rank=11 is done
 rank=7 has tasks
 halodir : [7]

--- TIMER SUMMARY ---
 Lap time: 0.13 sec  - rank=7 start halodir7
 Lap time: 35 mins 42.18 sec - final lap
Elapsed time: 35 mins 42.32 sec 
 rank=7 is done
 rank=15 has tasks
 halodir : [15]

--- TIMER SUMMARY ---
 Lap time: 0.13 sec  - rank=15 start halodir15
 Lap time: 35 mins 42.18 sec - final lap
Elapsed time: 35 mins 42.32 sec 
 rank=15 is done
 rank=12 has tasks
 halodir : [12]

--- TIMER SUMMARY ---
 Lap time: 0.13 sec  - rank=12 start halodir12
 Lap time: 35 mins 42.19 sec - final lap
Elapsed time: 35 mins 42.32 sec 
 rank=12 is done
 all processor initialised successfully
___  ___      _          _     _       _     _                       
|  \/  |     | |        | |   (_)     | |   | |                      
| .  . | __ _| | _____  | |    _  __ _| |__ | |_ ___ ___  _ __   ___ 
| |\/| |/ _` | |/ / _ \ | |   | |/ _` | '_ \| __/ __/ _ \| '_ \ / _ \ 
| |  | | (_| |   <  __/ | |___| | (_| | | | | || (_| (_) | | | |  __/
\_|  |_/\__,_|_|\_\___| \_____/_|\__, |_| |_|\__\___\___/|_| |_|\___|
                                  __/ |                              
                                 |___/                               
 rank=0 has tasks
 halodir : [0]

 Interpolate cubes to create the lightcone:	 z_space_dist=False

--- TIMER SUMMARY ---
 Lap time: 0.33 sec  - rank=0 start halodir0
 Lap time: 36 mins 48.99 sec - final lap
Elapsed time: 36 mins 49.32 sec 
 rank=0 is done
